{
  "start": "2023-10-27T13:17:05.651Z",
  "end": "2023-10-27T13:17:36.437Z",
  "capabilities": {
    "acceptInsecureCerts": false,
    "browserName": "firefox",
    "browserVersion": "119.0",
    "moz:accessibilityChecks": false,
    "moz:buildID": "20231019122658",
    "moz:geckodriverVersion": "0.33.0",
    "moz:headless": true,
    "moz:platformVersion": "6.2.0-1015-azure",
    "moz:processID": 2125,
    "moz:profile": "/tmp/rust_mozprofileP26wZ5",
    "moz:shutdownTimeout": 60000,
    "moz:webdriverClick": true,
    "moz:windowless": false,
    "pageLoadStrategy": "normal",
    "platformName": "linux",
    "proxy": {},
    "setWindowRect": true,
    "strictFileInteractability": false,
    "timeouts": {
      "implicit": 0,
      "pageLoad": 300000,
      "script": 30000
    },
    "unhandledPromptBehavior": "dismiss and notify",
    "sessionId": "3c3b2e82-1b33-4e1d-95b7-7e6d2b144d76"
  },
  "host": "0.0.0.0",
  "port": 46371,
  "baseUrl": "https://rozetka.com.ua",
  "framework": "mocha",
  "duration": 30786,
  "suites": [
    {
      "title": "New tab Test",
      "duration": 18656,
      "start": "2023-10-27T13:17:05.668Z",
      "end": "2023-10-27T13:17:24.324Z",
      "tests": [
        {
          "title": "Switch tab",
          "start": "2023-10-27T13:17:05.669Z",
          "end": "2023-10-27T13:17:24.318Z",
          "duration": 18649,
          "state": "passed",
          "screenshots": [
            "/home/runner/work/wdio-js-ghactions/wdio-js-ghactions/reports/report/file-1698412646762.jpeg"
          ]
        }
      ],
      "hooks": []
    }
  ],
  "specs": [
    "file:///home/runner/work/wdio-js-ghactions/wdio-js-ghactions/test/specs/newTab.spec.js"
  ],
  "state": {
    "passed": 1,
    "failed": 0,
    "skipped": 0
  }
}