{
  "start": "2023-09-18T17:47:31.040Z",
  "end": "2023-09-18T17:48:02.831Z",
  "capabilities": {
    "acceptInsecureCerts": false,
    "browserName": "chrome",
    "browserVersion": "116.0.5845.187",
    "chrome": {
      "chromedriverVersion": "116.0.5845.96 (1a391816688002153ef791ffe60d9e899a71a037-refs/branch-heads/5845@{#1382})",
      "userDataDir": "/tmp/.org.chromium.Chromium.dZ8vTU"
    },
    "fedcm:accounts": true,
    "goog:chromeOptions": {
      "debuggerAddress": "localhost:34537"
    },
    "networkConnectionEnabled": false,
    "pageLoadStrategy": "normal",
    "platformName": "linux",
    "proxy": {},
    "setWindowRect": true,
    "strictFileInteractability": false,
    "timeouts": {
      "implicit": 0,
      "pageLoad": 300000,
      "script": 30000
    },
    "unhandledPromptBehavior": "dismiss and notify",
    "webauthn:extension:credBlob": true,
    "webauthn:extension:largeBlob": true,
    "webauthn:extension:minPinLength": true,
    "webauthn:extension:prf": true,
    "webauthn:virtualAuthenticators": true,
    "sessionId": "73372471312381a3eef8e4370b6bae60"
  },
  "host": "0.0.0.0",
  "port": 35123,
  "baseUrl": "https://rozetka.com.ua",
  "framework": "mocha",
  "duration": 31791,
  "suites": [
    {
      "title": "Filter Test",
      "duration": 30647,
      "start": "2023-09-18T17:47:31.900Z",
      "end": "2023-09-18T17:48:02.547Z",
      "tests": [
        {
          "title": "Search for a product",
          "start": "2023-09-18T17:47:31.901Z",
          "end": "2023-09-18T17:47:41.946Z",
          "duration": 10045,
          "state": "failed",
          "screenshots": [],
          "error": {
            "type": "Error",
            "message": "Can't call clearValue on element with selector \"[name=\"search\"]\" because element wasn't found",
            "stack": "Error: Can't call clearValue on element with selector \"[name=\"search\"]\" because element wasn't found\n    at async HomePage.search (file:///home/runner/work/wdio-js-ghactions/wdio-js-ghactions/test/pages/home.page.js:11:9)\n    at async Context.<anonymous> (file:///home/runner/work/wdio-js-ghactions/wdio-js-ghactions/test/specs/filter.spec.js?invalidateCache=0.9400384134315052:11:9)"
          }
        },
        {
          "title": "Filter by price",
          "start": "2023-09-18T17:47:41.948Z",
          "end": "2023-09-18T17:47:52.232Z",
          "duration": 10284,
          "state": "failed",
          "screenshots": [
            "/home/runner/work/wdio-js-ghactions/wdio-js-ghactions/reports/report/file-1695059262184.jpeg"
          ],
          "error": {
            "type": "Error",
            "message": "Can't call click on element with selector \"rz-sort > select\" because element wasn't found",
            "stack": "Error: Can't call click on element with selector \"rz-sort > select\" because element wasn't found\n    at async SearchPage.filterResult (file:///home/runner/work/wdio-js-ghactions/wdio-js-ghactions/test/pages/search.page.js:14:9)\n    at async Context.<anonymous> (file:///home/runner/work/wdio-js-ghactions/wdio-js-ghactions/test/specs/filter.spec.js?invalidateCache=0.9400384134315052:16:9)"
          }
        },
        {
          "title": "Validate filtered result",
          "start": "2023-09-18T17:47:52.233Z",
          "end": "2023-09-18T17:48:02.546Z",
          "duration": 10313,
          "state": "failed",
          "screenshots": [
            "/home/runner/work/wdio-js-ghactions/wdio-js-ghactions/reports/report/file-1695059272505.jpeg",
            "/home/runner/work/wdio-js-ghactions/wdio-js-ghactions/reports/report/file-1695059282780.jpeg"
          ],
          "error": {
            "type": "Error",
            "message": "Can't call getText on element with selector \"li:nth-child(1) span[class=\"goods-tile__price-value\"]\" because element wasn't found",
            "stack": "Error: Can't call getText on element with selector \"li:nth-child(1) span[class=\"goods-tile__price-value\"]\" because element wasn't found\n    at async SearchPage.getFirstSecondItemPrice (file:///home/runner/work/wdio-js-ghactions/wdio-js-ghactions/test/pages/search.page.js:20:21)\n    at async Context.<anonymous> (file:///home/runner/work/wdio-js-ghactions/wdio-js-ghactions/test/specs/filter.spec.js?invalidateCache=0.9400384134315052:21:22)"
          }
        }
      ],
      "hooks": []
    }
  ],
  "specs": [
    "file:///home/runner/work/wdio-js-ghactions/wdio-js-ghactions/test/specs/filter.spec.js"
  ],
  "state": {
    "passed": 0,
    "failed": 3,
    "skipped": 0
  }
}