{
  "start": "2023-10-27T13:17:05.551Z",
  "end": "2023-10-27T13:17:40.019Z",
  "capabilities": {
    "acceptInsecureCerts": false,
    "browserName": "firefox",
    "browserVersion": "119.0",
    "moz:accessibilityChecks": false,
    "moz:buildID": "20231019122658",
    "moz:geckodriverVersion": "0.33.0",
    "moz:headless": true,
    "moz:platformVersion": "6.2.0-1015-azure",
    "moz:processID": 2083,
    "moz:profile": "/tmp/rust_mozprofileZcTR0K",
    "moz:shutdownTimeout": 60000,
    "moz:webdriverClick": true,
    "moz:windowless": false,
    "pageLoadStrategy": "normal",
    "platformName": "linux",
    "proxy": {},
    "setWindowRect": true,
    "strictFileInteractability": false,
    "timeouts": {
      "implicit": 0,
      "pageLoad": 300000,
      "script": 30000
    },
    "unhandledPromptBehavior": "dismiss and notify",
    "sessionId": "bee40da4-0aeb-48d0-9918-2a5a68aebdbc"
  },
  "host": "0.0.0.0",
  "port": 32817,
  "baseUrl": "https://rozetka.com.ua",
  "framework": "mocha",
  "duration": 34468,
  "suites": [
    {
      "title": "Hover Test",
      "duration": 25532,
      "start": "2023-10-27T13:17:13.063Z",
      "end": "2023-10-27T13:17:38.595Z",
      "tests": [
        {
          "title": "Hover mouse over category",
          "start": "2023-10-27T13:17:13.064Z",
          "end": "2023-10-27T13:17:38.592Z",
          "duration": 25528,
          "state": "failed",
          "screenshots": [
            "/home/runner/work/wdio-js-ghactions/wdio-js-ghactions/reports/report/file-1698412658758.jpeg"
          ],
          "error": {
            "type": "Error",
            "message": "Can't call moveTo on element with selector \"//a[contains(text(), \"Смартфони, ТВ і електроніка\")]\" because element wasn't found",
            "stack": "Error: Can't call moveTo on element with selector \"//a[contains(text(), \"Смартфони, ТВ і електроніка\")]\" because element wasn't found\n    at async Context.<anonymous> (file:///home/runner/work/wdio-js-ghactions/wdio-js-ghactions/test/specs/hover.spec.js?invalidateCache=0.7009028190905136:10:9)"
          }
        }
      ],
      "hooks": []
    }
  ],
  "specs": [
    "file:///home/runner/work/wdio-js-ghactions/wdio-js-ghactions/test/specs/hover.spec.js"
  ],
  "state": {
    "passed": 0,
    "failed": 1,
    "skipped": 0
  }
}